# JRE version: OpenJDK Runtime Environment Temurin-21.0.8+9 (21.0.8+9) (build 21.0.8+9-LTS)
# Java VM: OpenJDK 64-Bit Server VM Temurin-21.0.8+9 (21.0.8+9-LTS, mixed mode, sharing, tiered, compressed oops, compressed class ptrs, g1 gc, windows-amd64)
GC Precious Log:
 CardTable entry size: 512
 Card Set container configuration: InlinePtr #cards 5 size 8 Array Of Cards #cards 12 size 40 Howl #buckets 4 coarsen threshold 1843 Howl Bitmap #cards 512 size 80 coarsen threshold 460 Card regions per heap region 1 cards per card region 2048
 CPUs: 8 total, 8 available
 Memory: 7824M
 Large Page Support: Disabled
 NUMA Support: Disabled
 Compressed Oops: Enabled (32-bit)
 Heap Region Size: 1M
 Heap Min Capacity: 8M
 Heap Initial Capacity: 8M
 Heap Max Capacity: 1958M
 Pre-touch: Disabled
 Parallel Workers: 8
 Concurrent Workers: 2
 Concurrent Refinement Workers: 8
 Periodic GC: Disabled
Heap:
 garbage-first heap   total 78848K, used 43008K [0x0000000085a00000, 0x0000000100000000)
  region size 1024K, 5 young (5120K), 2 survivors (2048K)
 Metaspace       used 13574K, committed 13824K, reserved 1114112K
  class space    used 1411K, committed 1536K, reserved 1048576K
GC Heap History (20 events):
Event: 15.153 GC heap before
{Heap before GC invocations=13 (full 0):
 garbage-first heap   total 37888K, used 28328K [0x0000000085a00000, 0x0000000100000000)
  region size 1024K, 13 young (13312K), 3 survivors (3072K)
 Metaspace       used 9475K, committed 9600K, reserved 1114112K
  class space    used 1037K, committed 1088K, reserved 1048576K
}
Event: 15.177 GC heap after
{Heap after GC invocations=14 (full 0):
 garbage-first heap   total 37888K, used 21493K [0x0000000085a00000, 0x0000000100000000)
  region size 1024K, 2 young (2048K), 2 survivors (2048K)
 Metaspace       used 9475K, committed 9600K, reserved 1114112K
  class space    used 1037K, committed 1088K, reserved 1048576K
}
Event: 15.717 GC heap before
{Heap before GC invocations=14 (full 0):
 garbage-first heap   total 37888K, used 29685K [0x0000000085a00000, 0x0000000100000000)
  region size 1024K, 10 young (10240K), 2 survivors (2048K)
 Metaspace       used 9508K, committed 9664K, reserved 1114112K
  class space    used 1037K, committed 1088K, reserved 1048576K
}
Event: 15.728 GC heap after
{Heap after GC invocations=15 (full 0):
 garbage-first heap   total 37888K, used 23573K [0x0000000085a00000, 0x0000000100000000)
  region size 1024K, 2 young (2048K), 2 survivors (2048K)
 Metaspace       used 9508K, committed 9664K, reserved 1114112K
  class space    used 1037K, committed 1088K, reserved 1048576K
}
Event: 16.549 GC heap before
{Heap before GC invocations=16 (full 0):
 garbage-first heap   total 37888K, used 27669K [0x0000000085a00000, 0x0000000100000000)
  region size 1024K, 9 young (9216K), 2 survivors (2048K)
 Metaspace       used 9548K, committed 9792K, reserved 1114112K
  class space    used 1039K, committed 1152K, reserved 1048576K
}
Event: 16.557 GC heap after
{Heap after GC invocations=17 (full 0):
 garbage-first heap   total 37888K, used 24387K [0x0000000085a00000, 0x0000000100000000)
  region size 1024K, 2 young (2048K), 2 survivors (2048K)
 Metaspace       used 9548K, committed 9792K, reserved 1114112K
  class space    used 1039K, committed 1152K, reserved 1048576K
}
Event: 17.284 GC heap before
{Heap before GC invocations=17 (full 0):
 garbage-first heap   total 37888K, used 29507K [0x0000000085a00000, 0x0000000100000000)
  region size 1024K, 8 young (8192K), 2 survivors (2048K)
 Metaspace       used 9559K, committed 9792K, reserved 1114112K
  class space    used 1039K, committed 1152K, reserved 1048576K
}
Event: 17.294 GC heap after
{Heap after GC invocations=18 (full 0):
 garbage-first heap   total 37888K, used 23732K [0x0000000085a00000, 0x0000000100000000)
  region size 1024K, 1 young (1024K), 1 survivors (1024K)
 Metaspace       used 9559K, committed 9792K, reserved 1114112K
  class space    used 1039K, committed 1152K, reserved 1048576K
}
Event: 17.696 GC heap before
{Heap before GC invocations=18 (full 0):
 garbage-first heap   total 37888K, used 29876K [0x0000000085a00000, 0x0000000100000000)
  region size 1024K, 7 young (7168K), 1 survivors (1024K)
 Metaspace       used 9561K, committed 9792K, reserved 1114112K
  class space    used 1039K, committed 1152K, reserved 1048576K
}
Event: 17.704 GC heap after
{Heap after GC invocations=19 (full 0):
 garbage-first heap   total 37888K, used 26357K [0x0000000085a00000, 0x0000000100000000)
  region size 1024K, 1 young (1024K), 1 survivors (1024K)
 Metaspace       used 9561K, committed 9792K, reserved 1114112K
  class space    used 1039K, committed 1152K, reserved 1048576K
}
Event: 17.792 GC heap before
{Heap before GC invocations=20 (full 0):
 garbage-first heap   total 45056K, used 31477K [0x0000000085a00000, 0x0000000100000000)
  region size 1024K, 6 young (6144K), 1 survivors (1024K)
 Metaspace       used 9564K, committed 9792K, reserved 1114112K
  class space    used 1039K, committed 1152K, reserved 1048576K
}
Event: 17.801 GC heap after
{Heap after GC invocations=21 (full 0):
 garbage-first heap   total 45056K, used 28626K [0x0000000085a00000, 0x0000000100000000)
  region size 1024K, 1 young (1024K), 1 survivors (1024K)
 Metaspace       used 9564K, committed 9792K, reserved 1114112K
  class space    used 1039K, committed 1152K, reserved 1048576K
}
Event: 18.166 GC heap before
{Heap before GC invocations=21 (full 0):
 garbage-first heap   total 45056K, used 34770K [0x0000000085a00000, 0x0000000100000000)
  region size 1024K, 8 young (8192K), 1 survivors (1024K)
 Metaspace       used 9568K, committed 9792K, reserved 1114112K
  class space    used 1039K, committed 1152K, reserved 1048576K
}
Event: 18.175 GC heap after
{Heap after GC invocations=22 (full 0):
 garbage-first heap   total 78848K, used 31254K [0x0000000085a00000, 0x0000000100000000)
  region size 1024K, 1 young (1024K), 1 survivors (1024K)
 Metaspace       used 9568K, committed 9792K, reserved 1114112K
  class space    used 1039K, committed 1152K, reserved 1048576K
}
Event: 20.335 GC heap before
{Heap before GC invocations=22 (full 0):
 garbage-first heap   total 78848K, used 53782K [0x0000000085a00000, 0x0000000100000000)
  region size 1024K, 23 young (23552K), 1 survivors (1024K)
 Metaspace       used 10418K, committed 10624K, reserved 1114112K
  class space    used 1105K, committed 1216K, reserved 1048576K
}
Event: 20.364 GC heap after
{Heap after GC invocations=23 (full 0):
 garbage-first heap   total 78848K, used 37406K [0x0000000085a00000, 0x0000000100000000)
  region size 1024K, 3 young (3072K), 3 survivors (3072K)
 Metaspace       used 10418K, committed 10624K, reserved 1114112K
  class space    used 1105K, committed 1216K, reserved 1048576K
}
Event: 21.551 GC heap before
{Heap before GC invocations=23 (full 0):
 garbage-first heap   total 78848K, used 50718K [0x0000000085a00000, 0x0000000100000000)
  region size 1024K, 17 young (17408K), 3 survivors (3072K)
 Metaspace       used 10646K, committed 10816K, reserved 1114112K
  class space    used 1118K, committed 1216K, reserved 1048576K
}
Event: 21.581 GC heap after
{Heap after GC invocations=24 (full 0):
 garbage-first heap   total 78848K, used 40280K [0x0000000085a00000, 0x0000000100000000)
  region size 1024K, 3 young (3072K), 3 survivors (3072K)
 Metaspace       used 10646K, committed 10816K, reserved 1114112K
  class space    used 1118K, committed 1216K, reserved 1048576K
}
Event: 26.221 GC heap before
{Heap before GC invocations=25 (full 0):
 garbage-first heap   total 78848K, used 61784K [0x0000000085a00000, 0x0000000100000000)
  region size 1024K, 23 young (23552K), 3 survivors (3072K)
 Metaspace       used 12515K, committed 12800K, reserved 1114112K
  class space    used 1315K, committed 1472K, reserved 1048576K
}
Event: 26.237 GC heap after
{Heap after GC invocations=26 (full 0):
 garbage-first heap   total 78848K, used 42201K [0x0000000085a00000, 0x0000000100000000)
  region size 1024K, 2 young (2048K), 2 survivors (2048K)
 Metaspace       used 12515K, committed 12800K, reserved 1114112K
  class space    used 1315K, committed 1472K, reserved 1048576K
}

